#
# There is insufficient memory for the Java Runtime Environment to continue.
# Native memory allocation (malloc) failed to allocate 201456 bytes. Error detail: Chunk::new
# Possible reasons:
#   The system is out of physical RAM or swap space
#   This process is running with CompressedOops enabled, and the Java Heap may be blocking the growth of the native heap
# Possible solutions:
#   Reduce memory load on the system
#   Increase physical memory or swap space
#   Check if swap backing store is full
#   Decrease Java heap size (-Xmx/-Xms)
#   Decrease number of Java threads
#   Decrease Java thread stack sizes (-Xss)
#   Set larger code cache with -XX:ReservedCodeCacheSize=
#   JVM is running with Unscaled Compressed Oops mode in which the Java heap is
#     placed in the first 4GB address space. The Java Heap base address is the
#     maximum limit for the native heap growth. Please use -XX:HeapBaseMinAddress
#     to set the Java Heap base and to place the Java Heap above 4GB virtual address.
# This output file may be truncated or incomplete.
#
#  Out of Memory Error (arena.cpp:149), pid=26948, tid=16216
#
# JRE version: Java(TM) SE Runtime Environment (23.0.2+7) (build 23.0.2+7-58)
# Java VM: Java HotSpot(TM) 64-Bit Server VM (23.0.2+7-58, mixed mode, sharing, tiered, compressed oops, compressed class ptrs, parallel gc, windows-amd64)
# No core dump will be written. Minidumps are not enabled by default on client versions of Windows
#

---------------  S U M M A R Y ------------

Command Line: --add-modules=ALL-SYSTEM --add-opens=java.base/java.util=ALL-UNNAMED --add-opens=java.base/java.lang=ALL-UNNAMED --add-opens=java.base/sun.nio.fs=ALL-UNNAMED -Declipse.application=org.eclipse.jdt.ls.core.id1 -Dosgi.bundles.defaultStartLevel=4 -Declipse.product=org.eclipse.jdt.ls.core.product -Djava.import.generatesMetadataFilesAtProjectRoot=false -DDetectVMInstallationsJob.disabled=true -Dfile.encoding=utf8 -XX:+UseParallelGC -XX:GCTimeRatio=4 -XX:AdaptiveSizePolicyWeight=90 -Dsun.zip.disableMemoryMapping=true -Xmx2G -Xms100m -Xlog:disable -javaagent:c:\Users\HaimP\.vscode\extensions\redhat.java-1.49.0\lombok\lombok-1.18.39-4050.jar -XX:+HeapDumpOnOutOfMemoryError -XX:HeapDumpPath=c:\Users\HaimP\AppData\Roaming\Code\User\workspaceStorage\eabae78a51d91e9145140b367d6e023b\redhat.java -Daether.dependencyCollector.impl=bf c:\Users\HaimP\.vscode\extensions\redhat.java-1.49.0\server\plugins\org.eclipse.equinox.launcher_1.7.100.v20251111-0406.jar -configuration c:\Users\HaimP\AppData\Roaming\Code\User\globalStorage\redhat.java\1.49.0\config_win -data c:\Users\HaimP\AppData\Roaming\Code\User\workspaceStorage\eabae78a51d91e9145140b367d6e023b\redhat.java\jdt_ws --pipe=\\.\pipe\lsp-a072ab930c8a47ea4edb37076c4738a6-sock

Host: Intel(R) Core(TM) i5-9300H CPU @ 2.40GHz, 8 cores, 7G,  Windows 11 , 64 bit Build 26100 (10.0.26100.7019)
Time: Mon Nov 24 18:08:43 2025 Hora verano Sudamérica Pacífico elapsed time: 5.404002 seconds (0d 0h 0m 5s)

---------------  T H R E A D  ---------------

Current thread (0x000001a61dfa75a0):  JavaThread "C2 CompilerThread0" daemon [_thread_in_native, id=16216, stack(0x00000027c6a00000,0x00000027c6b00000) (1024K)]


Current CompileTask:
C2:5404 2604   !   4       java.io.BufferedInputStream::read (69 bytes)

Stack: [0x00000027c6a00000,0x00000027c6b00000]
Native frames: (J=compiled Java code, j=interpreted, Vv=VM code, C=native code)
V  [jvm.dll+0x6e0b99]  (no source info available)
V  [jvm.dll+0x87e2b3]  (no source info available)
V  [jvm.dll+0x88073e]  (no source info available)
V  [jvm.dll+0x880e13]  (no source info available)
V  [jvm.dll+0x27b006]  (no source info available)
V  [jvm.dll+0xbc06f]  (no source info available)
V  [jvm.dll+0xbc2cb]  (no source info available)
V  [jvm.dll+0x3b3c22]  (no source info available)
V  [jvm.dll+0x38a55b]  (no source info available)
V  [jvm.dll+0x3899ca]  (no source info available)
V  [jvm.dll+0x244ba1]  (no source info available)
V  [jvm.dll+0x243eff]  (no source info available)
V  [jvm.dll+0x1c34b0]  (no source info available)
V  [jvm.dll+0x253df1]  (no source info available)
V  [jvm.dll+0x2520aa]  (no source info available)
V  [jvm.dll+0x3ee226]  (no source info available)
V  [jvm.dll+0x8254cb]  (no source info available)
V  [jvm.dll+0x6df345]  (no source info available)
C  [ucrtbase.dll+0x37b0]  (no source info available)
C  [KERNEL32.DLL+0x2e8d7]  (no source info available)
C  [ntdll.dll+0x8c53c]  (no source info available)

Lock stack of current Java thread (top to bottom):


---------------  P R O C E S S  ---------------

Threads class SMR info:
_java_thread_list=0x000001a665c45650, length=18, elements={
0x000001a6021a5d90, 0x000001a61df88e50, 0x000001a61df8c1e0, 0x000001a61df92c30,
0x000001a61df93890, 0x000001a61df9c720, 0x000001a61dfa11a0, 0x000001a61dfa75a0,
0x000001a6609c8100, 0x000001a660a8c880, 0x000001a660d20fa0, 0x000001a6659a5400,
0x000001a665973e30, 0x000001a665b54050, 0x000001a665b54e90, 0x000001a665cada80,
0x000001a66589ed60, 0x000001a6661096e0
}

Java Threads: ( => current thread )
  0x000001a6021a5d90 JavaThread "main"                              [_thread_blocked, id=17376, stack(0x00000027c6000000,0x00000027c6100000) (1024K)]
  0x000001a61df88e50 JavaThread "Reference Handler"          daemon [_thread_blocked, id=10932, stack(0x00000027c6400000,0x00000027c6500000) (1024K)]
  0x000001a61df8c1e0 JavaThread "Finalizer"                  daemon [_thread_blocked, id=26816, stack(0x00000027c6500000,0x00000027c6600000) (1024K)]
  0x000001a61df92c30 JavaThread "Signal Dispatcher"          daemon [_thread_blocked, id=14788, stack(0x00000027c6600000,0x00000027c6700000) (1024K)]
  0x000001a61df93890 JavaThread "Attach Listener"            daemon [_thread_blocked, id=11888, stack(0x00000027c6700000,0x00000027c6800000) (1024K)]
  0x000001a61df9c720 JavaThread "Service Thread"             daemon [_thread_blocked, id=21312, stack(0x00000027c6800000,0x00000027c6900000) (1024K)]
  0x000001a61dfa11a0 JavaThread "Monitor Deflation Thread"   daemon [_thread_blocked, id=26012, stack(0x00000027c6900000,0x00000027c6a00000) (1024K)]
=>0x000001a61dfa75a0 JavaThread "C2 CompilerThread0"         daemon [_thread_in_native, id=16216, stack(0x00000027c6a00000,0x00000027c6b00000) (1024K)]
  0x000001a6609c8100 JavaThread "C1 CompilerThread0"         daemon [_thread_in_vm, id=27184, stack(0x00000027c6b00000,0x00000027c6c00000) (1024K)]
  0x000001a660a8c880 JavaThread "Common-Cleaner"             daemon [_thread_blocked, id=15476, stack(0x00000027c6c00000,0x00000027c6d00000) (1024K)]
  0x000001a660d20fa0 JavaThread "Notification Thread"        daemon [_thread_blocked, id=7208, stack(0x00000027c6e00000,0x00000027c6f00000) (1024K)]
  0x000001a6659a5400 JavaThread "Active Thread: Equinox Container: 7b84557a-6a48-4d48-bb4a-87cf0ac1e031"        [_thread_blocked, id=14704, stack(0x00000027c6d00000,0x00000027c6e00000) (1024K)]
  0x000001a665973e30 JavaThread "Refresh Thread: Equinox Container: 7b84557a-6a48-4d48-bb4a-87cf0ac1e031" daemon [_thread_blocked, id=9164, stack(0x00000027c7700000,0x00000027c7800000) (1024K)]
  0x000001a665b54050 JavaThread "Framework Event Dispatcher: Equinox Container: 7b84557a-6a48-4d48-bb4a-87cf0ac1e031" daemon [_thread_blocked, id=28832, stack(0x00000027c7800000,0x00000027c7900000) (1024K)]
  0x000001a665b54e90 JavaThread "Start Level: Equinox Container: 7b84557a-6a48-4d48-bb4a-87cf0ac1e031" daemon [_thread_in_native, id=29004, stack(0x00000027c7900000,0x00000027c7a00000) (1024K)]
  0x000001a665cada80 JavaThread "C2 CompilerThread1"         daemon [_thread_in_native, id=20752, stack(0x00000027c7600000,0x00000027c7700000) (1024K)]
  0x000001a66589ed60 JavaThread "Bundle File Closer"         daemon [_thread_blocked, id=30896, stack(0x00000027c7a00000,0x00000027c7b00000) (1024K)]
  0x000001a6661096e0 JavaThread "SCR Component Actor"        daemon [_thread_blocked, id=26884, stack(0x00000027c7b00000,0x00000027c7c00000) (1024K)]
Total: 18

Other Threads:
  0x000001a61df727a0 VMThread "VM Thread"                           [id=34320, stack(0x00000027c6300000,0x00000027c6400000) (1024K)]
  0x000001a61deaca10 WatcherThread "VM Periodic Task Thread"        [id=34812, stack(0x00000027c6200000,0x00000027c6300000) (1024K)]
  0x000001a60232c190 WorkerThread "GC Thread#0"                     [id=34480, stack(0x00000027c6100000,0x00000027c6200000) (1024K)]
  0x000001a665802090 WorkerThread "GC Thread#1"                     [id=26568, stack(0x00000027c7000000,0x00000027c7100000) (1024K)]
  0x000001a6657ed550 WorkerThread "GC Thread#2"                     [id=24288, stack(0x00000027c7100000,0x00000027c7200000) (1024K)]
  0x000001a660d5b0c0 WorkerThread "GC Thread#3"                     [id=24624, stack(0x00000027c7200000,0x00000027c7300000) (1024K)]
  0x000001a660d5b470 WorkerThread "GC Thread#4"                     [id=29060, stack(0x00000027c7300000,0x00000027c7400000) (1024K)]
  0x000001a66540c080 WorkerThread "GC Thread#5"                     [id=29868, stack(0x00000027c7400000,0x00000027c7500000) (1024K)]
  0x000001a66540c430 WorkerThread "GC Thread#6"                     [id=412, stack(0x00000027c7500000,0x00000027c7600000) (1024K)]
  0x000001a665a0a440 WorkerThread "GC Thread#7"                     [id=23492, stack(0x00000027c6f00000,0x00000027c7000000) (1024K)]
Total: 10

Threads with active compile tasks:
C2 CompilerThread0  7478 2604   !   4       java.io.BufferedInputStream::read (69 bytes)
C1 CompilerThread0  7478 2708   !   3       com.sun.org.apache.xerces.internal.impl.XMLDocumentFragmentScannerImpl$FragmentContentDriver::next (2331 bytes)
C2 CompilerThread1  7478 2640       4       jdk.internal.jimage.ImageLocation::verify (218 bytes)
Total: 3

VM state: not at safepoint (normal execution)

VM Mutex/Monitor currently owned by a thread: None

Heap address: 0x0000000080000000, size: 2048 MB, Compressed Oops mode: 32-bit

CDS archive(s) mapped at: [0x000001a61e000000-0x000001a61ed70000-0x000001a61ed70000), size 14090240, SharedBaseAddress: 0x000001a61e000000, ArchiveRelocationMode: 1.
Compressed class space mapped at: 0x000001a61f000000-0x000001a65f000000, reserved size: 1073741824
Narrow klass base: 0x000001a61e000000, Narrow klass shift: 0, Narrow klass range: 0x41000000

GC Precious Log:
 CardTable entry size: 512
 CPUs: 8 total, 8 available
 Memory: 8043M
 Large Page Support: Disabled
 NUMA Support: Disabled
 Compressed Oops: Enabled (32-bit)
 Alignments: Space 512K, Generation 512K, Heap 2M
 Heap Min Capacity: 100M
 Heap Initial Capacity: 100M
 Heap Max Capacity: 2G
 Pre-touch: Disabled
 Parallel Workers: 8

Heap:
 PSYoungGen      total 29696K, used 12636K [0x00000000d5580000, 0x00000000d7680000, 0x0000000100000000)
  eden space 25600K, 33% used [0x00000000d5580000,0x00000000d5ddbb70,0x00000000d6e80000)
  from space 4096K, 99% used [0x00000000d7280000,0x00000000d767b690,0x00000000d7680000)
  to   space 4096K, 0% used [0x00000000d6e80000,0x00000000d6e80000,0x00000000d7280000)
 ParOldGen       total 68608K, used 6284K [0x0000000080000000, 0x0000000084300000, 0x00000000d5580000)
  object space 68608K, 9% used [0x0000000080000000,0x00000000806231d8,0x0000000084300000)
 Metaspace       used 13072K, committed 13440K, reserved 1114112K
  class space    used 1411K, committed 1600K, reserved 1048576K

Card table byte_map: [0x000001a61b720000,0x000001a61bb20000] _byte_map_base: 0x000001a61b320000

Marking Bits: (ParMarkBitMap*) 0x00007ffca93d96e0
 Begin Bits: [0x000001a61bdd0000, 0x000001a61ddd0000)

Polling page: 0x000001a603cc0000

Metaspace:

Usage:
  Non-class:     11.39 MB used.
      Class:      1.38 MB used.
       Both:     12.77 MB used.

Virtual space:
  Non-class space:       64.00 MB reserved,      11.56 MB ( 18%) committed,  1 nodes.
      Class space:        1.00 GB reserved,       1.56 MB ( <1%) committed,  1 nodes.
             Both:        1.06 GB reserved,      13.12 MB (  1%) committed. 

Chunk freelists:
   Non-Class:  4.06 MB
       Class:  14.45 MB
        Both:  18.51 MB

MaxMetaspaceSize: unlimited
CompressedClassSpaceSize: 1.00 GB
Initial GC threshold: 21.00 MB
Current GC threshold: 21.00 MB
CDS: on
 - commit_granule_bytes: 65536.
 - commit_granule_words: 8192.
 - virtual_space_node_default_size: 8388608.
 - enlarge_chunks_in_place: 1.
 - use_allocation_guard: 0.


Internal statistics:

num_allocs_failed_limit: 0.
num_arena_births: 284.
num_arena_deaths: 0.
num_vsnodes_births: 2.
num_vsnodes_deaths: 0.
num_space_committed: 210.
num_space_uncommitted: 0.
num_chunks_returned_to_freelist: 0.
num_chunks_taken_from_freelist: 624.
num_chunk_merges: 0.
num_chunk_splits: 396.
num_chunks_enlarged: 279.
num_inconsistent_stats: 0.

CodeHeap 'non-profiled nmethods': size=120064Kb used=960Kb max_used=960Kb free=119103Kb
 bounds [0x000001a614000000, 0x000001a614270000, 0x000001a61b540000]
CodeHeap 'profiled nmethods': size=120000Kb used=3907Kb max_used=3907Kb free=116092Kb
 bounds [0x000001a60c540000, 0x000001a60c920000, 0x000001a613a70000]
CodeHeap 'non-nmethods': size=5696Kb used=1255Kb max_used=1292Kb free=4440Kb
 bounds [0x000001a613a70000, 0x000001a613ce0000, 0x000001a614000000]
CodeCache: size=245760Kb, used=6122Kb, max_used=6159Kb, free=239635Kb
 total_blobs=3223, nmethods=2696, adapters=434, full_count=0
Compilation: enabled, stopped_count=0, restarted_count=0

Compilation events (20 events):
Event: 3.375 Thread 0x000001a6609c8100 2602   !   3       org.eclipse.osgi.internal.loader.classpath.ClasspathManager::findLocalClass (210 bytes)
Event: 3.376 Thread 0x000001a6609c8100 nmethod 2602 0x000001a60c8e4488 code [0x000001a60c8e47c0, 0x000001a60c8e6358]
Event: 3.376 Thread 0x000001a6609c8100 2601       3       org.eclipse.osgi.internal.loader.ModuleClassLoader::findLocalClass (9 bytes)
Event: 3.376 Thread 0x000001a6609c8100 nmethod 2601 0x000001a60c8e6408 code [0x000001a60c8e6520, 0x000001a60c8e6680]
Event: 3.381 Thread 0x000001a61dfa75a0 2604   !   4       java.io.BufferedInputStream::read (69 bytes)
Event: 3.381 Thread 0x000001a665cada80 2605       4       java.io.DataInputStream::readFully (59 bytes)
Event: 3.383 Thread 0x000001a6609c8100 2607       3       java.lang.invoke.BoundMethodHandle$Species_L::<init> (12 bytes)
Event: 3.383 Thread 0x000001a6609c8100 nmethod 2607 0x000001a60c8e6708 code [0x000001a60c8e6840, 0x000001a60c8e6a28]
Event: 3.386 Thread 0x000001a6609c8100 2609  s    3       java.io.FileDescriptor::attach (73 bytes)
Event: 3.386 Thread 0x000001a6609c8100 nmethod 2609 0x000001a60c8e6a88 code [0x000001a60c8e6c40, 0x000001a60c8e7678]
Event: 3.387 Thread 0x000001a6609c8100 2610       3       java.io.File::<init> (111 bytes)
Event: 3.388 Thread 0x000001a6609c8100 nmethod 2610 0x000001a60c8e7708 code [0x000001a60c8e7940, 0x000001a60c8e83f0]
Event: 3.390 Thread 0x000001a6609c8100 2611       3       sun.nio.fs.NativeBuffers::getNativeBuffer (21 bytes)
Event: 3.391 Thread 0x000001a6609c8100 nmethod 2611 0x000001a60c8e8488 code [0x000001a60c8e85e0, 0x000001a60c8e88e0]
Event: 3.391 Thread 0x000001a6609c8100 2612       3       org.eclipse.osgi.internal.util.Tokenizer::getToken (123 bytes)
Event: 3.391 Thread 0x000001a6609c8100 nmethod 2612 0x000001a60c8e8908 code [0x000001a60c8e8aa0, 0x000001a60c8e9068]
Event: 4.065 Thread 0x000001a6609c8100 2613       3       java.util.concurrent.Semaphore$NonfairSync::tryAcquireShared (6 bytes)
Event: 4.065 Thread 0x000001a6609c8100 nmethod 2613 0x000001a60c8e9088 code [0x000001a60c8e91a0, 0x000001a60c8e92d8]
Event: 4.065 Thread 0x000001a6609c8100 2614       3       java.util.concurrent.Semaphore$Sync::nonfairTryAcquireShared (27 bytes)
Event: 4.066 Thread 0x000001a6609c8100 nmethod 2614 0x000001a60c8e9388 code [0x000001a60c8e94c0, 0x000001a60c8e9708]

GC Heap History (8 events):
Event: 0.898 GC heap before
{Heap before GC invocations=1 (full 0):
 PSYoungGen      total 29696K, used 25600K [0x00000000d5580000, 0x00000000d7680000, 0x0000000100000000)
  eden space 25600K, 100% used [0x00000000d5580000,0x00000000d6e80000,0x00000000d6e80000)
  from space 4096K, 0% used [0x00000000d7280000,0x00000000d7280000,0x00000000d7680000)
  to   space 4096K, 0% used [0x00000000d6e80000,0x00000000d6e80000,0x00000000d7280000)
 ParOldGen       total 68608K, used 0K [0x0000000080000000, 0x0000000084300000, 0x00000000d5580000)
  object space 68608K, 0% used [0x0000000080000000,0x0000000080000000,0x0000000084300000)
 Metaspace       used 4428K, committed 4608K, reserved 1114112K
  class space    used 500K, committed 576K, reserved 1048576K
}
Event: 0.906 GC heap after
{Heap after GC invocations=1 (full 0):
 PSYoungGen      total 29696K, used 3716K [0x00000000d5580000, 0x00000000d7680000, 0x0000000100000000)
  eden space 25600K, 0% used [0x00000000d5580000,0x00000000d5580000,0x00000000d6e80000)
  from space 4096K, 90% used [0x00000000d6e80000,0x00000000d7221288,0x00000000d7280000)
  to   space 4096K, 0% used [0x00000000d7280000,0x00000000d7280000,0x00000000d7680000)
 ParOldGen       total 68608K, used 16K [0x0000000080000000, 0x0000000084300000, 0x00000000d5580000)
  object space 68608K, 0% used [0x0000000080000000,0x0000000080004000,0x0000000084300000)
 Metaspace       used 4428K, committed 4608K, reserved 1114112K
  class space    used 500K, committed 576K, reserved 1048576K
}
Event: 1.940 GC heap before
{Heap before GC invocations=2 (full 0):
 PSYoungGen      total 29696K, used 29316K [0x00000000d5580000, 0x00000000d7680000, 0x0000000100000000)
  eden space 25600K, 100% used [0x00000000d5580000,0x00000000d6e80000,0x00000000d6e80000)
  from space 4096K, 90% used [0x00000000d6e80000,0x00000000d7221288,0x00000000d7280000)
  to   space 4096K, 0% used [0x00000000d7280000,0x00000000d7280000,0x00000000d7680000)
 ParOldGen       total 68608K, used 16K [0x0000000080000000, 0x0000000084300000, 0x00000000d5580000)
  object space 68608K, 0% used [0x0000000080000000,0x0000000080004000,0x0000000084300000)
 Metaspace       used 8086K, committed 8384K, reserved 1114112K
  class space    used 858K, committed 1024K, reserved 1048576K
}
Event: 1.948 GC heap after
{Heap after GC invocations=2 (full 0):
 PSYoungGen      total 29696K, used 4075K [0x00000000d5580000, 0x00000000d7680000, 0x0000000100000000)
  eden space 25600K, 0% used [0x00000000d5580000,0x00000000d5580000,0x00000000d6e80000)
  from space 4096K, 99% used [0x00000000d7280000,0x00000000d767ae50,0x00000000d7680000)
  to   space 4096K, 0% used [0x00000000d6e80000,0x00000000d6e80000,0x00000000d7280000)
 ParOldGen       total 68608K, used 1855K [0x0000000080000000, 0x0000000084300000, 0x00000000d5580000)
  object space 68608K, 2% used [0x0000000080000000,0x00000000801cfeb8,0x0000000084300000)
 Metaspace       used 8086K, committed 8384K, reserved 1114112K
  class space    used 858K, committed 1024K, reserved 1048576K
}
Event: 2.672 GC heap before
{Heap before GC invocations=3 (full 0):
 PSYoungGen      total 29696K, used 29675K [0x00000000d5580000, 0x00000000d7680000, 0x0000000100000000)
  eden space 25600K, 100% used [0x00000000d5580000,0x00000000d6e80000,0x00000000d6e80000)
  from space 4096K, 99% used [0x00000000d7280000,0x00000000d767ae50,0x00000000d7680000)
  to   space 4096K, 0% used [0x00000000d6e80000,0x00000000d6e80000,0x00000000d7280000)
 ParOldGen       total 68608K, used 1855K [0x0000000080000000, 0x0000000084300000, 0x00000000d5580000)
  object space 68608K, 2% used [0x0000000080000000,0x00000000801cfeb8,0x0000000084300000)
 Metaspace       used 9939K, committed 10304K, reserved 1114112K
  class space    used 1078K, committed 1216K, reserved 1048576K
}
Event: 2.679 GC heap after
{Heap after GC invocations=3 (full 0):
 PSYoungGen      total 29696K, used 4064K [0x00000000d5580000, 0x00000000d7680000, 0x0000000100000000)
  eden space 25600K, 0% used [0x00000000d5580000,0x00000000d5580000,0x00000000d6e80000)
  from space 4096K, 99% used [0x00000000d6e80000,0x00000000d7278328,0x00000000d7280000)
  to   space 4096K, 0% used [0x00000000d7280000,0x00000000d7280000,0x00000000d7680000)
 ParOldGen       total 68608K, used 4439K [0x0000000080000000, 0x0000000084300000, 0x00000000d5580000)
  object space 68608K, 6% used [0x0000000080000000,0x0000000080455e10,0x0000000084300000)
 Metaspace       used 9939K, committed 10304K, reserved 1114112K
  class space    used 1078K, committed 1216K, reserved 1048576K
}
Event: 3.326 GC heap before
{Heap before GC invocations=4 (full 0):
 PSYoungGen      total 29696K, used 29664K [0x00000000d5580000, 0x00000000d7680000, 0x0000000100000000)
  eden space 25600K, 100% used [0x00000000d5580000,0x00000000d6e80000,0x00000000d6e80000)
  from space 4096K, 99% used [0x00000000d6e80000,0x00000000d7278328,0x00000000d7280000)
  to   space 4096K, 0% used [0x00000000d7280000,0x00000000d7280000,0x00000000d7680000)
 ParOldGen       total 68608K, used 4439K [0x0000000080000000, 0x0000000084300000, 0x00000000d5580000)
  object space 68608K, 6% used [0x0000000080000000,0x0000000080455e10,0x0000000084300000)
 Metaspace       used 11918K, committed 12288K, reserved 1114112K
  class space    used 1286K, committed 1472K, reserved 1048576K
}
Event: 3.331 GC heap after
{Heap after GC invocations=4 (full 0):
 PSYoungGen      total 29696K, used 4077K [0x00000000d5580000, 0x00000000d7680000, 0x0000000100000000)
  eden space 25600K, 0% used [0x00000000d5580000,0x00000000d5580000,0x00000000d6e80000)
  from space 4096K, 99% used [0x00000000d7280000,0x00000000d767b690,0x00000000d7680000)
  to   space 4096K, 0% used [0x00000000d6e80000,0x00000000d6e80000,0x00000000d7280000)
 ParOldGen       total 68608K, used 6284K [0x0000000080000000, 0x0000000084300000, 0x00000000d5580000)
  object space 68608K, 9% used [0x0000000080000000,0x00000000806231d8,0x0000000084300000)
 Metaspace       used 11918K, committed 12288K, reserved 1114112K
  class space    used 1286K, committed 1472K, reserved 1048576K
}

Dll operation events (10 events):
Event: 0.018 Loaded shared library C:\Program Files\Java\jdk-23\bin\java.dll
Event: 0.071 Loaded shared library C:\Program Files\Java\jdk-23\bin\jsvml.dll
Event: 0.158 Loaded shared library C:\Program Files\Java\jdk-23\bin\zip.dll
Event: 0.161 Loaded shared library C:\Program Files\Java\jdk-23\bin\instrument.dll
Event: 0.170 Loaded shared library C:\Program Files\Java\jdk-23\bin\net.dll
Event: 0.175 Loaded shared library C:\Program Files\Java\jdk-23\bin\nio.dll
Event: 0.181 Loaded shared library C:\Program Files\Java\jdk-23\bin\zip.dll
Event: 0.213 Loaded shared library C:\Program Files\Java\jdk-23\bin\jimage.dll
Event: 0.298 Loaded shared library C:\Program Files\Java\jdk-23\bin\verify.dll
Event: 2.114 Loaded shared library C:\Users\HaimP\AppData\Roaming\Code\User\globalStorage\redhat.java\1.49.0\config_win\org.eclipse.equinox.launcher\org.eclipse.equinox.launcher.win32.win32.x86_64_1.2.1400.v20250801-0854\eclipse_11916.dll

Deoptimization events (20 events):
Event: 2.964 Thread 0x000001a665b54e90 DEOPT PACKING pc=0x000001a60c8742c1 sp=0x00000027c79fd4e0
Event: 2.964 Thread 0x000001a665b54e90 DEOPT UNPACKING pc=0x000001a613ac4222 sp=0x00000027c79fc950 mode 0
Event: 2.987 Thread 0x000001a665b54e90 Uncommon trap: trap_request=0xffffff45 fr.pc=0x000001a61406a5b4 relative=0x0000000000000194
Event: 2.988 Thread 0x000001a665b54e90 Uncommon trap: reason=unstable_if action=reinterpret pc=0x000001a61406a5b4 method=java.lang.String.startsWith(Ljava/lang/String;I)Z @ 50 c2
Event: 2.988 Thread 0x000001a665b54e90 DEOPT PACKING pc=0x000001a61406a5b4 sp=0x00000027c79fe4c0
Event: 2.988 Thread 0x000001a665b54e90 DEOPT UNPACKING pc=0x000001a613ac3b02 sp=0x00000027c79fe3f0 mode 2
Event: 3.051 Thread 0x000001a665b54e90 DEOPT PACKING pc=0x000001a60c8742c1 sp=0x00000027c79fd700
Event: 3.051 Thread 0x000001a665b54e90 DEOPT UNPACKING pc=0x000001a613ac4222 sp=0x00000027c79fcb70 mode 0
Event: 3.177 Thread 0x000001a665b54e90 Uncommon trap: trap_request=0xffffff45 fr.pc=0x000001a6140dd208 relative=0x0000000000000948
Event: 3.177 Thread 0x000001a665b54e90 Uncommon trap: reason=unstable_if action=reinterpret pc=0x000001a6140dd208 method=org.eclipse.osgi.framework.util.CaseInsensitiveDictionaryMap.findCommonKeyIndex(Ljava/lang/String;)Lorg/eclipse/osgi/framework/util/CaseInsensitiveDictionaryMap$CaseInsensit
Event: 3.177 Thread 0x000001a665b54e90 DEOPT PACKING pc=0x000001a6140dd208 sp=0x00000027c79fe540
Event: 3.177 Thread 0x000001a665b54e90 DEOPT UNPACKING pc=0x000001a613ac3b02 sp=0x00000027c79fe4d0 mode 2
Event: 3.255 Thread 0x000001a665b54e90 Uncommon trap: trap_request=0xffffff45 fr.pc=0x000001a6140d5668 relative=0x0000000000000708
Event: 3.255 Thread 0x000001a665b54e90 Uncommon trap: reason=unstable_if action=reinterpret pc=0x000001a6140d5668 method=java.util.Properties$LineReader.readLine()I @ 226 c2
Event: 3.255 Thread 0x000001a665b54e90 DEOPT PACKING pc=0x000001a6140d5668 sp=0x00000027c79fe070
Event: 3.255 Thread 0x000001a665b54e90 DEOPT UNPACKING pc=0x000001a613ac3b02 sp=0x00000027c79fe018 mode 2
Event: 3.363 Thread 0x000001a665b54e90 Uncommon trap: trap_request=0xffffff45 fr.pc=0x000001a6140a7428 relative=0x0000000000001a28
Event: 3.363 Thread 0x000001a665b54e90 Uncommon trap: reason=unstable_if action=reinterpret pc=0x000001a6140a7428 method=java.io.WinNTFileSystem.normalize(Ljava/lang/String;II)Ljava/lang/String; @ 100 c2
Event: 3.363 Thread 0x000001a665b54e90 DEOPT PACKING pc=0x000001a6140a7428 sp=0x00000027c79f91c0
Event: 3.363 Thread 0x000001a665b54e90 DEOPT UNPACKING pc=0x000001a613ac3b02 sp=0x00000027c79f91a8 mode 2

Classes loaded (20 events):
Event: 3.345 Loading class java/util/concurrent/locks/ReentrantLock$FairSync
Event: 3.345 Loading class java/util/concurrent/locks/ReentrantLock$FairSync done
Event: 3.383 Loading class java/util/stream/ReferencePipeline$5
Event: 3.383 Loading class java/util/stream/LongPipeline$StatelessOp
Event: 3.383 Loading class java/util/stream/LongPipeline
Event: 3.383 Loading class java/util/stream/LongStream
Event: 3.383 Loading class java/util/stream/LongStream done
Event: 3.384 Loading class java/util/stream/LongPipeline done
Event: 3.384 Loading class java/util/stream/LongPipeline$StatelessOp done
Event: 3.384 Loading class java/util/stream/ReferencePipeline$5 done
Event: 3.384 Loading class java/util/function/LongBinaryOperator
Event: 3.384 Loading class java/util/function/LongBinaryOperator done
Event: 3.384 Loading class java/util/stream/ReduceOps$10
Event: 3.384 Loading class java/util/stream/ReduceOps$10 done
Event: 3.384 Loading class java/util/stream/ReduceOps$8ReducingSink
Event: 3.384 Loading class java/util/stream/Sink$OfLong
Event: 3.384 Loading class java/util/stream/Sink$OfLong done
Event: 3.384 Loading class java/util/stream/ReduceOps$8ReducingSink done
Event: 3.384 Loading class java/util/stream/ReferencePipeline$5$1
Event: 3.384 Loading class java/util/stream/ReferencePipeline$5$1 done

Classes unloaded (0 events):
No events

Classes redefined (0 events):
No events

Internal exceptions (20 events):
Event: 0.986 Thread 0x000001a6021a5d90 Implicit null exception at 0x000001a61404e00a to 0x000001a61404e23c
Event: 0.987 Thread 0x000001a6021a5d90 Implicit null exception at 0x000001a61404eda0 to 0x000001a61404ee22
Event: 1.466 Thread 0x000001a6021a5d90 Exception <a 'java/lang/NoSuchMethodError'{0x00000000d660a2e8}: 'int java.lang.invoke.DirectMethodHandle$Holder.invokeVirtual(java.lang.Object, java.lang.Object)'> (0x00000000d660a2e8) 
thrown [s\open\src\hotspot\share\interpreter\linkResolver.cpp, line 796]
Event: 1.649 Thread 0x000001a6021a5d90 Exception <a 'java/lang/NoSuchMethodError'{0x00000000d6785008}: 'int java.lang.invoke.DirectMethodHandle$Holder.invokeStaticInit(java.lang.Object, java.lang.Object, java.lang.Object, java.lang.Object)'> (0x00000000d6785008) 
thrown [s\open\src\hotspot\share\interpreter\linkResolver.cpp, line 796]
Event: 1.665 Thread 0x000001a6021a5d90 Exception <a 'java/lang/IncompatibleClassChangeError'{0x00000000d678d4a8}: Found class java.lang.Object, but interface was expected> (0x00000000d678d4a8) 
thrown [s\open\src\hotspot\share\interpreter\linkResolver.cpp, line 863]
Event: 1.669 Thread 0x000001a6021a5d90 Exception <a 'java/lang/NoSuchMethodError'{0x00000000d6793920}: 'void java.lang.invoke.DirectMethodHandle$Holder.invokeStaticInit(java.lang.Object, java.lang.Object)'> (0x00000000d6793920) 
thrown [s\open\src\hotspot\share\interpreter\linkResolver.cpp, line 796]
Event: 1.677 Thread 0x000001a6021a5d90 Exception <a 'java/lang/NoSuchMethodError'{0x00000000d679ced8}: 'int java.lang.invoke.DirectMethodHandle$Holder.invokeStaticInit(java.lang.Object, java.lang.Object)'> (0x00000000d679ced8) 
thrown [s\open\src\hotspot\share\interpreter\linkResolver.cpp, line 796]
Event: 1.748 Thread 0x000001a6021a5d90 Exception <a 'java/lang/NoSuchMethodError'{0x00000000d6a0f878}: 'java.lang.Object java.lang.invoke.DirectMethodHandle$Holder.newInvokeSpecial(java.lang.Object, int, java.lang.Object)'> (0x00000000d6a0f878) 
thrown [s\open\src\hotspot\share\interpreter\linkResolver.cpp, line 796]
Event: 1.857 Thread 0x000001a6021a5d90 Exception <a 'java/lang/ClassNotFoundException'{0x00000000d6c2ae30}: sun/net/www/protocol/plurl/Handler> (0x00000000d6c2ae30) 
thrown [s\open\src\hotspot\share\classfile\systemDictionary.cpp, line 313]
Event: 1.857 Thread 0x000001a6021a5d90 Exception <a 'java/lang/ClassNotFoundException'{0x00000000d6c2bcb0}: sun/net/www/protocol/plurl/Handler> (0x00000000d6c2bcb0) 
thrown [s\open\src\hotspot\share\classfile\systemDictionary.cpp, line 313]
Event: 2.105 Thread 0x000001a6021a5d90 Exception <a 'java/lang/UnsatisfiedLinkError'{0x00000000d57f7298}: 'void org.eclipse.equinox.launcher.JNIBridge._update_splash()'> (0x00000000d57f7298) 
thrown [s\open\src\hotspot\share\prims\nativeLookup.cpp, line 417]
Event: 2.144 Thread 0x000001a665973e30 Exception <a 'java/lang/NoSuchMethodError'{0x00000000d5a88968}: 'void java.lang.invoke.DirectMethodHandle$Holder.invokeInterface(java.lang.Object, java.lang.Object, java.lang.Object)'> (0x00000000d5a88968) 
thrown [s\open\src\hotspot\share\interpreter\linkResolver.cpp, line 796]
Event: 2.218 Thread 0x000001a665b54e90 Exception <a 'java/lang/NoSuchMethodError'{0x00000000d5e3da88}: 'java.lang.Object java.lang.invoke.DirectMethodHandle$Holder.newInvokeSpecial(java.lang.Object, java.lang.Object, int, java.lang.Object)'> (0x00000000d5e3da88) 
thrown [s\open\src\hotspot\share\interpreter\linkResolver.cpp, line 796]
Event: 2.218 Thread 0x000001a665b54e90 Exception <a 'java/lang/NoSuchMethodError'{0x00000000d5e41900}: 'java.lang.Object java.lang.invoke.DirectMethodHandle$Holder.invokeSpecial(java.lang.Object, java.lang.Object, java.lang.Object, int, java.lang.Object)'> (0x00000000d5e41900) 
thrown [s\open\src\hotspot\share\interpreter\linkResolver.cpp, line 796]
Event: 2.236 Thread 0x000001a665b54e90 Exception <a 'java/lang/NoClassDefFoundError'{0x00000000d5ee63a8}: jakarta/servlet/ServletContainerInitializer> (0x00000000d5ee63a8) 
thrown [s\open\src\hotspot\share\classfile\systemDictionary.cpp, line 302]
Event: 2.267 Thread 0x000001a665b54e90 Exception <a 'java/lang/NoSuchMethodError'{0x00000000d60da1e0}: 'java.lang.Object java.lang.invoke.DirectMethodHandle$Holder.invokeStatic(java.lang.Object, int, java.lang.Object)'> (0x00000000d60da1e0) 
thrown [s\open\src\hotspot\share\interpreter\linkResolver.cpp, line 796]
Event: 2.277 Thread 0x000001a665b54e90 Exception <a 'java/lang/ClassNotFoundException'{0x00000000d61277d8}: sun/util/logging/resources/spi/loggingProvider> (0x00000000d61277d8) 
thrown [s\open\src\hotspot\share\classfile\systemDictionary.cpp, line 313]
Event: 3.232 Thread 0x000001a665b54e90 Exception <a 'java/lang/NullPointerException'{0x00000000d6931060}> (0x00000000d6931060) 
thrown [s\open\src\hotspot\share\interpreter\linkResolver.cpp, line 1389]
Event: 3.232 Thread 0x000001a665b54e90 Exception <a 'java/lang/NullPointerException'{0x00000000d6931340}> (0x00000000d6931340) 
thrown [s\open\src\hotspot\share\interpreter\linkResolver.cpp, line 1389]
Event: 3.382 Thread 0x000001a665b54e90 Exception <a 'java/lang/NoSuchMethodError'{0x00000000d5ae4ee0}: 'long java.lang.invoke.DirectMethodHandle$Holder.invokeSpecial(java.lang.Object, java.lang.Object)'> (0x00000000d5ae4ee0) 
thrown [s\open\src\hotspot\share\interpreter\linkResolver.cpp, line 796]

VM Operations (20 events):
Event: 1.853 Executing VM operation: HandshakeAllThreads (Deoptimize)
Event: 1.853 Executing VM operation: HandshakeAllThreads (Deoptimize) done
Event: 1.940 Executing VM operation: ParallelGCFailedAllocation (Allocation Failure)
Event: 1.948 Executing VM operation: ParallelGCFailedAllocation (Allocation Failure) done
Event: 2.253 Executing VM operation: HandshakeAllThreads (Deoptimize)
Event: 2.253 Executing VM operation: HandshakeAllThreads (Deoptimize) done
Event: 2.285 Executing VM operation: HandshakeAllThreads (Deoptimize)
Event: 2.285 Executing VM operation: HandshakeAllThreads (Deoptimize) done
Event: 2.299 Executing VM operation: HandshakeAllThreads (Deoptimize)
Event: 2.299 Executing VM operation: HandshakeAllThreads (Deoptimize) done
Event: 2.458 Executing VM operation: HandshakeAllThreads (Deoptimize)
Event: 2.458 Executing VM operation: HandshakeAllThreads (Deoptimize) done
Event: 2.672 Executing VM operation: ParallelGCFailedAllocation (Allocation Failure)
Event: 2.679 Executing VM operation: ParallelGCFailedAllocation (Allocation Failure) done
Event: 3.310 Executing VM operation: HandshakeAllThreads (Deoptimize)
Event: 3.310 Executing VM operation: HandshakeAllThreads (Deoptimize) done
Event: 3.326 Executing VM operation: ParallelGCFailedAllocation (Allocation Failure)
Event: 3.331 Executing VM operation: ParallelGCFailedAllocation (Allocation Failure) done
Event: 3.346 Executing VM operation: HandshakeAllThreads (Deoptimize)
Event: 3.346 Executing VM operation: HandshakeAllThreads (Deoptimize) done

Memory protections (0 events):
No events

Nmethod flushes (0 events):
No events

Events (20 events):
Event: 0.067 Thread 0x000001a6021a5d90 Thread added: 0x000001a61df93890
Event: 0.068 Thread 0x000001a6021a5d90 Thread added: 0x000001a61df9c720
Event: 0.068 Thread 0x000001a6021a5d90 Thread added: 0x000001a61dfa11a0
Event: 0.068 Thread 0x000001a6021a5d90 Thread added: 0x000001a61dfa75a0
Event: 0.069 Thread 0x000001a6021a5d90 Thread added: 0x000001a6609c8100
Event: 0.111 Thread 0x000001a6021a5d90 Thread added: 0x000001a660a8c880
Event: 0.141 Thread 0x000001a6609c8100 Thread added: 0x000001a660b5e670
Event: 0.412 Thread 0x000001a6021a5d90 Thread added: 0x000001a660d20fa0
Event: 0.577 Thread 0x000001a6609c8100 Thread added: 0x000001a66513eff0
Event: 1.347 Thread 0x000001a66513eff0 Thread exited: 0x000001a66513eff0
Event: 1.574 Thread 0x000001a660b5e670 Thread exited: 0x000001a660b5e670
Event: 1.692 Thread 0x000001a6021a5d90 Thread added: 0x000001a6659a5400
Event: 2.095 Thread 0x000001a6609c8100 Thread added: 0x000001a6659e3620
Event: 2.103 Thread 0x000001a6021a5d90 Thread added: 0x000001a665973e30
Event: 2.147 Thread 0x000001a665973e30 Thread added: 0x000001a665b54050
Event: 2.152 Thread 0x000001a6021a5d90 Thread added: 0x000001a665b54e90
Event: 2.619 Thread 0x000001a6659e3620 Thread exited: 0x000001a6659e3620
Event: 2.710 Thread 0x000001a6609c8100 Thread added: 0x000001a665cada80
Event: 2.803 Thread 0x000001a665b54e90 Thread added: 0x000001a66589ed60
Event: 3.339 Thread 0x000001a665b54e90 Thread added: 0x000001a6661096e0


Dynamic libraries:
0x00007ff620960000 - 0x00007ff620970000 	C:\Program Files\Java\jdk-23\bin\java.exe
0x00007ffd7c2c0000 - 0x00007ffd7c528000 	C:\WINDOWS\SYSTEM32\ntdll.dll
0x00007ffd7a960000 - 0x00007ffd7aa29000 	C:\WINDOWS\System32\KERNEL32.DLL
0x00007ffd79bb0000 - 0x00007ffd79fa8000 	C:\WINDOWS\System32\KERNELBASE.dll
0x00007ffd79a60000 - 0x00007ffd79bab000 	C:\WINDOWS\System32\ucrtbase.dll
0x00007ffcf78b0000 - 0x00007ffcf78c7000 	C:\Program Files\Java\jdk-23\bin\jli.dll
0x00007ffcf78f0000 - 0x00007ffcf790b000 	C:\Program Files\Java\jdk-23\bin\VCRUNTIME140.dll
0x00007ffd7c020000 - 0x00007ffd7c1e7000 	C:\WINDOWS\System32\USER32.dll
0x00007ffd79a30000 - 0x00007ffd79a57000 	C:\WINDOWS\System32\win32u.dll
0x00007ffd58850000 - 0x00007ffd58ae4000 	C:\WINDOWS\WinSxS\amd64_microsoft.windows.common-controls_6595b64144ccf1df_6.0.26100.7019_none_3e06ffa0e335b8a8\COMCTL32.dll
0x00007ffd7a240000 - 0x00007ffd7a26b000 	C:\WINDOWS\System32\GDI32.dll
0x00007ffd7a270000 - 0x00007ffd7a319000 	C:\WINDOWS\System32\msvcrt.dll
0x00007ffd79850000 - 0x00007ffd7997c000 	C:\WINDOWS\System32\gdi32full.dll
0x00007ffd79980000 - 0x00007ffd79a23000 	C:\WINDOWS\System32\msvcp_win.dll
0x00007ffd7aa50000 - 0x00007ffd7aa81000 	C:\WINDOWS\System32\IMM32.DLL
0x00007ffd4cb80000 - 0x00007ffd4cb8c000 	C:\Program Files\Java\jdk-23\bin\vcruntime140_1.dll
0x00007ffca94b0000 - 0x00007ffca953e000 	C:\Program Files\Java\jdk-23\bin\msvcp140.dll
0x00007ffca8760000 - 0x00007ffca94b0000 	C:\Program Files\Java\jdk-23\bin\server\jvm.dll
0x00007ffd7a520000 - 0x00007ffd7a5d4000 	C:\WINDOWS\System32\ADVAPI32.dll
0x00007ffd7bc10000 - 0x00007ffd7bcb6000 	C:\WINDOWS\System32\sechost.dll
0x00007ffd7ab70000 - 0x00007ffd7ac88000 	C:\WINDOWS\System32\RPCRT4.dll
0x00007ffd7a8d0000 - 0x00007ffd7a944000 	C:\WINDOWS\System32\WS2_32.dll
0x00007ffd79270000 - 0x00007ffd792ce000 	C:\WINDOWS\SYSTEM32\POWRPROF.dll
0x00007ffd69780000 - 0x00007ffd697b5000 	C:\WINDOWS\SYSTEM32\WINMM.dll
0x00007ffd6b150000 - 0x00007ffd6b15b000 	C:\WINDOWS\SYSTEM32\VERSION.dll
0x00007ffd79250000 - 0x00007ffd79264000 	C:\WINDOWS\SYSTEM32\UMPDC.dll
0x00007ffd781a0000 - 0x00007ffd781bb000 	C:\WINDOWS\SYSTEM32\kernel.appcore.dll
0x00007ffd49310000 - 0x00007ffd4931a000 	C:\Program Files\Java\jdk-23\bin\jimage.dll
0x00007ffd76380000 - 0x00007ffd765c2000 	C:\WINDOWS\SYSTEM32\DBGHELP.DLL
0x00007ffd7b880000 - 0x00007ffd7bc0b000 	C:\WINDOWS\System32\combase.dll
0x00007ffd7aa90000 - 0x00007ffd7ab67000 	C:\WINDOWS\System32\OLEAUT32.dll
0x00007ffd58810000 - 0x00007ffd5884c000 	C:\WINDOWS\SYSTEM32\dbgcore.DLL
0x00007ffd79fb0000 - 0x00007ffd7a055000 	C:\WINDOWS\System32\bcryptPrimitives.dll
0x00007ffd46e00000 - 0x00007ffd46e0f000 	C:\Program Files\Java\jdk-23\bin\instrument.dll
0x00007ffcf6d20000 - 0x00007ffcf6d3e000 	C:\Program Files\Java\jdk-23\bin\java.dll
0x00007ffd7a5e0000 - 0x00007ffd7a777000 	C:\WINDOWS\System32\ole32.dll
0x00007ffd7b120000 - 0x00007ffd7b86f000 	C:\WINDOWS\System32\SHELL32.dll
0x00007ffd794a0000 - 0x00007ffd7960b000 	C:\WINDOWS\System32\wintypes.dll
0x00007ffd77010000 - 0x00007ffd7786d000 	C:\WINDOWS\SYSTEM32\windows.storage.dll
0x00007ffd7bcc0000 - 0x00007ffd7bdb2000 	C:\WINDOWS\System32\SHCORE.dll
0x00007ffd7a320000 - 0x00007ffd7a387000 	C:\WINDOWS\System32\shlwapi.dll
0x00007ffd79330000 - 0x00007ffd79359000 	C:\WINDOWS\SYSTEM32\profapi.dll
0x00007ffca8680000 - 0x00007ffca8757000 	C:\Program Files\Java\jdk-23\bin\jsvml.dll
0x00007ffcf2c90000 - 0x00007ffcf2ca7000 	C:\Program Files\Java\jdk-23\bin\zip.dll
0x00007ffd46c20000 - 0x00007ffd46c30000 	C:\Program Files\Java\jdk-23\bin\net.dll
0x00007ffd78720000 - 0x00007ffd7878b000 	C:\WINDOWS\system32\mswsock.dll
0x00007ffcf2c70000 - 0x00007ffcf2c86000 	C:\Program Files\Java\jdk-23\bin\nio.dll
0x00007ffd3d2a0000 - 0x00007ffd3d2b0000 	C:\Program Files\Java\jdk-23\bin\verify.dll
0x00007ffd32c90000 - 0x00007ffd32cd4000 	C:\Users\HaimP\AppData\Roaming\Code\User\globalStorage\redhat.java\1.49.0\config_win\org.eclipse.equinox.launcher\org.eclipse.equinox.launcher.win32.win32.x86_64_1.2.1400.v20250801-0854\eclipse_11916.dll

dbghelp: loaded successfully - version: 4.0.5 - missing functions: none
symbol engine: initialized successfully - sym options: 0x614 - pdb path: .;C:\Program Files\Java\jdk-23\bin;C:\WINDOWS\SYSTEM32;C:\WINDOWS\WinSxS\amd64_microsoft.windows.common-controls_6595b64144ccf1df_6.0.26100.7019_none_3e06ffa0e335b8a8;C:\Program Files\Java\jdk-23\bin\server;C:\Users\HaimP\AppData\Roaming\Code\User\globalStorage\redhat.java\1.49.0\config_win\org.eclipse.equinox.launcher\org.eclipse.equinox.launcher.win32.win32.x86_64_1.2.1400.v20250801-0854

VM Arguments:
jvm_args: --add-modules=ALL-SYSTEM --add-opens=java.base/java.util=ALL-UNNAMED --add-opens=java.base/java.lang=ALL-UNNAMED --add-opens=java.base/sun.nio.fs=ALL-UNNAMED -Declipse.application=org.eclipse.jdt.ls.core.id1 -Dosgi.bundles.defaultStartLevel=4 -Declipse.product=org.eclipse.jdt.ls.core.product -Djava.import.generatesMetadataFilesAtProjectRoot=false -DDetectVMInstallationsJob.disabled=true -Dfile.encoding=utf8 -XX:+UseParallelGC -XX:GCTimeRatio=4 -XX:AdaptiveSizePolicyWeight=90 -Dsun.zip.disableMemoryMapping=true -Xmx2G -Xms100m -Xlog:disable -javaagent:c:\Users\HaimP\.vscode\extensions\redhat.java-1.49.0\lombok\lombok-1.18.39-4050.jar -XX:+HeapDumpOnOutOfMemoryError -XX:HeapDumpPath=c:\Users\HaimP\AppData\Roaming\Code\User\workspaceStorage\eabae78a51d91e9145140b367d6e023b\redhat.java -Daether.dependencyCollector.impl=bf 
java_command: c:\Users\HaimP\.vscode\extensions\redhat.java-1.49.0\server\plugins\org.eclipse.equinox.launcher_1.7.100.v20251111-0406.jar -configuration c:\Users\HaimP\AppData\Roaming\Code\User\globalStorage\redhat.java\1.49.0\config_win -data c:\Users\HaimP\AppData\Roaming\Code\User\workspaceStorage\eabae78a51d91e9145140b367d6e023b\redhat.java\jdt_ws --pipe=\\.\pipe\lsp-a072ab930c8a47ea4edb37076c4738a6-sock
java_class_path (initial): c:\Users\HaimP\.vscode\extensions\redhat.java-1.49.0\server\plugins\org.eclipse.equinox.launcher_1.7.100.v20251111-0406.jar
Launcher Type: SUN_STANDARD

[Global flags]
     uint AdaptiveSizePolicyWeight                 = 90                                        {product} {command line}
     intx CICompilerCount                          = 4                                         {product} {ergonomic}
     uint GCTimeRatio                              = 4                                         {product} {command line}
     bool HeapDumpOnOutOfMemoryError               = true                                   {manageable} {command line}
    ccstr HeapDumpPath                             = c:\Users\HaimP\AppData\Roaming\Code\User\workspaceStorage\eabae78a51d91e9145140b367d6e023b\redhat.java         {manageable} {command line}
   size_t InitialHeapSize                          = 104857600                                 {product} {command line}
   size_t MaxHeapSize                              = 2147483648                                {product} {command line}
   size_t MaxNewSize                               = 715653120                                 {product} {ergonomic}
   size_t MinHeapDeltaBytes                        = 524288                                    {product} {ergonomic}
   size_t MinHeapSize                              = 104857600                                 {product} {command line}
   size_t NewSize                                  = 34603008                                  {product} {ergonomic}
    uintx NonNMethodCodeHeapSize                   = 5832704                                {pd product} {ergonomic}
    uintx NonProfiledCodeHeapSize                  = 122945536                              {pd product} {ergonomic}
   size_t OldSize                                  = 70254592                                  {product} {ergonomic}
    uintx ProfiledCodeHeapSize                     = 122880000                              {pd product} {ergonomic}
    uintx ReservedCodeCacheSize                    = 251658240                              {pd product} {ergonomic}
     bool SegmentedCodeCache                       = true                                      {product} {ergonomic}
   size_t SoftMaxHeapSize                          = 2147483648                             {manageable} {ergonomic}
     bool UseCompressedOops                        = true                           {product lp64_product} {ergonomic}
     bool UseLargePagesIndividualAllocation        = false                                  {pd product} {ergonomic}
     bool UseParallelGC                            = true                                      {product} {command line}

Logging:
Log output configuration:
 #0: stdout all=off uptime,level,tags foldmultilines=false
 #1: stderr all=off uptime,level,tags foldmultilines=false

Environment Variables:
JAVA_HOME=C:\Program Files\Java\jdk-23
PATH=C:\app\HaimP\product\21c\dbhomeXE\bin;C:\Program Files\Common Files\Oracle\Java\javapath;C:\Python312\Scripts\;C:\Python312\;C:\WINDOWS\system32;C:\WINDOWS;C:\WINDOWS\System32\Wbem;C:\WINDOWS\System32\WindowsPowerShell\v1.0\;C:\WINDOWS\System32\OpenSSH\;C:\Program Files\nodejs\;C:\ProgramData\chocolatey\bin;C:\Program Files\dotnet\;C:\Program Files\Docker\Docker\resources\bin;C:\Program Files\Git\cmd;C:\Program Files\NVIDIA Corporation\NVIDIA App\NvDLISR;C:\Program Files (x86)\NVIDIA Corporation\PhysX\Common;C:\Users\HaimP\AppData\Local\Microsoft\WindowsApps;C:\Users\HaimP\AppData\Roaming\npm;C:\Users\HaimP\AppData\Local\Programs\Microsoft VS Code\bin;C:\flutter\bin;C:\Program Files\Java\jdk-23\bin;C:\Program Files\apache-maven-3.9.9\bin;C:\Users\HaimP\AppData\Local\Android\Sdk\platform-tools;
USERNAME=HaimP
OS=Windows_NT
PROCESSOR_IDENTIFIER=Intel64 Family 6 Model 158 Stepping 13, GenuineIntel
TMP=C:\Users\HaimP\AppData\Local\Temp
TEMP=C:\Users\HaimP\AppData\Local\Temp




Periodic native trim disabled

---------------  S Y S T E M  ---------------

OS:
 Windows 11 , 64 bit Build 26100 (10.0.26100.7019)
OS uptime: 0 days 19:09 hours
Hyper-V role detected

CPU: total 8 (initial active 8) (4 cores per cpu, 2 threads per core) family 6 model 158 stepping 13 microcode 0xde, cx8, cmov, fxsr, ht, mmx, 3dnowpref, sse, sse2, sse3, ssse3, sse4.1, sse4.2, popcnt, lzcnt, tsc, tscinvbit, avx, avx2, aes, erms, clmul, bmi1, bmi2, adx, fma, vzeroupper, clflush, clflushopt, hv, rdtscp, f16c
Processor Information for the first 8 processors :
  Max Mhz: 2400, Current Mhz: 2400, Mhz Limit: 2400

Memory: 4k page, system-wide physical 8043M (605M free)
TotalPageFile size 32619M (AvailPageFile size 288M)
current process WorkingSet (physical memory assigned to process): 117M, peak: 117M
current process commit charge ("private bytes"): 223M, peak: 223M

vm_info: Java HotSpot(TM) 64-Bit Server VM (23.0.2+7-58) for windows-amd64 JRE (23.0.2+7-58), built on 2024-11-29T09:34:55Z with MS VC++ 17.6 (VS2022)

END.
